<?xml version="1.0" encoding="UTF-8"?>
<robot generator="Robot 5.0.1 (Python 3.10.5 on win32)" generated="20240911 01:32:26.429" rpa="false" schemaversion="3">
<suite id="s1" name="Insurance" source="C:\Users\songj\Desktop\Automation -QA\Test\insurance.robot">
<kw name="Open web browser" library="setting" type="SETUP">
<kw name="Open Browser" library="SeleniumLibrary">
<arg>${urlTisco}</arg>
<arg>chrome</arg>
<doc>Opens a new browser instance to the optional ``url``.</doc>
<msg timestamp="20240911 01:32:26.641" level="INFO">Opening browser 'chrome' to base url 'https://www.tiscoinsure.com/'.</msg>
<status status="PASS" starttime="20240911 01:32:26.641" endtime="20240911 01:32:29.178"/>
</kw>
<kw name="Set Selenium Speed" library="SeleniumLibrary">
<arg>0.1 second</arg>
<doc>Sets the delay that is waited after each Selenium command.</doc>
<status status="PASS" starttime="20240911 01:32:29.179" endtime="20240911 01:32:29.179"/>
</kw>
<kw name="Maximize Browser Window" library="SeleniumLibrary">
<doc>Maximizes current browser window.</doc>
<status status="PASS" starttime="20240911 01:32:29.179" endtime="20240911 01:32:29.310"/>
</kw>
<kw name="Wait Until Page Contains" library="SeleniumLibrary">
<arg>ซื้อประกันออนไลน์</arg>
<doc>Waits until ``text`` appears on the current page.</doc>
<status status="PASS" starttime="20240911 01:32:29.310" endtime="20240911 01:32:29.436"/>
</kw>
<status status="PASS" starttime="20240911 01:32:26.641" endtime="20240911 01:32:29.436"/>
</kw>
<test id="s1-t1" name="Test case 01" line="15">
<kw name="Display Homepage" library="setting" type="SETUP">
<kw name="Wait Until Page Contains" library="SeleniumLibrary">
<arg>ซื้อประกันออนไลน์</arg>
<doc>Waits until ``text`` appears on the current page.</doc>
<status status="PASS" starttime="20240911 01:32:29.438" endtime="20240911 01:32:29.575"/>
</kw>
<status status="PASS" starttime="20240911 01:32:29.438" endtime="20240911 01:32:29.576"/>
</kw>
<kw name="Enter to Website" library="main">
<kw name="Wait Until Page Contains" library="SeleniumLibrary">
<arg>ซื้อประกันออนไลน์</arg>
<doc>Waits until ``text`` appears on the current page.</doc>
<status status="PASS" starttime="20240911 01:32:29.577" endtime="20240911 01:32:29.715"/>
</kw>
<kw name="Wait Until Page Contains" library="SeleniumLibrary">
<arg>ประกันชีวิต</arg>
<doc>Waits until ``text`` appears on the current page.</doc>
<status status="PASS" starttime="20240911 01:32:29.715" endtime="20240911 01:32:29.856"/>
</kw>
<kw name="Wait Until Page Contains" library="SeleniumLibrary">
<arg>ประกันสุขภาพ</arg>
<doc>Waits until ``text`` appears on the current page.</doc>
<status status="PASS" starttime="20240911 01:32:29.857" endtime="20240911 01:32:29.997"/>
</kw>
<kw name="Wait Until Page Contains" library="SeleniumLibrary">
<arg>ประกันรถ</arg>
<doc>Waits until ``text`` appears on the current page.</doc>
<status status="PASS" starttime="20240911 01:32:29.997" endtime="20240911 01:32:30.136"/>
</kw>
<kw name="Wait Until Page Contains" library="SeleniumLibrary">
<arg>ประกันทั้งหมด</arg>
<doc>Waits until ``text`` appears on the current page.</doc>
<status status="PASS" starttime="20240911 01:32:30.137" endtime="20240911 01:32:30.262"/>
</kw>
<kw name="Wait Until Page Contains" library="SeleniumLibrary">
<arg>บริการลูกค้า</arg>
<doc>Waits until ``text`` appears on the current page.</doc>
<status status="PASS" starttime="20240911 01:32:30.263" endtime="20240911 01:32:30.387"/>
</kw>
<status status="PASS" starttime="20240911 01:32:29.576" endtime="20240911 01:32:30.388"/>
</kw>
<kw name="Search insurance" library="main">
<kw name="Wait and Click ${searchIcon}" library="commonkeyword" sourcename="Wait and Click ${Element}">
<kw name="Wait Until Element Is Visible" library="SeleniumLibrary">
<arg>${Element}</arg>
<doc>Waits until the element ``locator`` is visible.</doc>
<status status="PASS" starttime="20240911 01:32:30.395" endtime="20240911 01:32:30.652"/>
</kw>
<kw name="Click Element" library="SeleniumLibrary">
<arg>${Element}</arg>
<doc>Click the element identified by ``locator``.</doc>
<msg timestamp="20240911 01:32:30.653" level="INFO">Clicking element '(//li[@class='header-search header-search-dropdown has-icon has-dropdown menu-item-has-children'])[1]'.</msg>
<status status="PASS" starttime="20240911 01:32:30.652" endtime="20240911 01:32:30.962"/>
</kw>
<status status="PASS" starttime="20240911 01:32:30.393" endtime="20240911 01:32:30.962"/>
</kw>
<kw name="Wait and Click ${searchField}" library="commonkeyword" sourcename="Wait and Click ${Element}">
<kw name="Wait Until Element Is Visible" library="SeleniumLibrary">
<arg>${Element}</arg>
<doc>Waits until the element ``locator`` is visible.</doc>
<status status="PASS" starttime="20240911 01:32:30.963" endtime="20240911 01:32:31.211"/>
</kw>
<kw name="Click Element" library="SeleniumLibrary">
<arg>${Element}</arg>
<doc>Click the element identified by ``locator``.</doc>
<msg timestamp="20240911 01:32:31.212" level="INFO">Clicking element '(//input[@type='search'])[1]'.</msg>
<status status="PASS" starttime="20240911 01:32:31.211" endtime="20240911 01:32:31.554"/>
</kw>
<status status="PASS" starttime="20240911 01:32:30.962" endtime="20240911 01:32:31.554"/>
</kw>
<kw name="Input Text" library="SeleniumLibrary">
<arg>${searchField}</arg>
<arg>${insuranceType}</arg>
<doc>Types the given ``text`` into the text field identified by ``locator``.</doc>
<msg timestamp="20240911 01:32:31.555" level="INFO">Typing text 'ประกันคุ้มครองโรคมะเร็ง' into text field '(//input[@type='search'])[1]'.</msg>
<status status="PASS" starttime="20240911 01:32:31.554" endtime="20240911 01:32:32.031"/>
</kw>
<kw name="Press Keys" library="SeleniumLibrary">
<arg>${searchField}</arg>
<arg>ENTER</arg>
<doc>Simulates the user pressing key(s) to an element or on the active browser.</doc>
<msg timestamp="20240911 01:32:32.032" level="INFO">Sending key(s) ('ENTER',) to (//input[@type='search'])[1] element.</msg>
<msg timestamp="20240911 01:32:32.560" level="INFO">Pressing special key ENTER to element.</msg>
<msg timestamp="20240911 01:32:32.560" level="INFO">Releasing special key ENTER.</msg>
<status status="PASS" starttime="20240911 01:32:32.032" endtime="20240911 01:32:33.098"/>
</kw>
<kw name="Wait Until Page Contains" library="SeleniumLibrary">
<arg>Search Results for: ประกันคุ้มครองโรคมะเร็ง</arg>
<doc>Waits until ``text`` appears on the current page.</doc>
<status status="PASS" starttime="20240911 01:32:33.098" endtime="20240911 01:32:33.747"/>
</kw>
<kw name="Scroll Element Into View" library="SeleniumLibrary">
<arg>${searchFooter}</arg>
<doc>Scrolls the element identified by ``locator`` into view.</doc>
<status status="PASS" starttime="20240911 01:32:33.747" endtime="20240911 01:32:34.254"/>
</kw>
<kw name="Sleep" library="BuiltIn">
<arg>2S</arg>
<doc>Pauses the test executed for the given time.</doc>
<msg timestamp="20240911 01:32:36.257" level="INFO">Slept 2 seconds</msg>
<status status="PASS" starttime="20240911 01:32:34.255" endtime="20240911 01:32:36.258"/>
</kw>
<status status="PASS" starttime="20240911 01:32:30.391" endtime="20240911 01:32:36.259"/>
</kw>
<kw name="Go to Home Pages" library="setting" type="TEARDOWN">
<kw name="Go To" library="SeleniumLibrary">
<arg>${urlTisco}</arg>
<doc>Navigates the current browser window to the provided ``url``.</doc>
<msg timestamp="20240911 01:32:36.265" level="INFO">Opening url 'https://www.tiscoinsure.com/'</msg>
<status status="PASS" starttime="20240911 01:32:36.263" endtime="20240911 01:32:37.092"/>
</kw>
<status status="PASS" starttime="20240911 01:32:36.261" endtime="20240911 01:32:37.092"/>
</kw>
<doc>User enter to websit and search insurance success</doc>
<tag>Search</tag>
<status status="PASS" starttime="20240911 01:32:29.437" endtime="20240911 01:32:37.093"/>
</test>
<test id="s1-t2" name="Test Case 02" line="21">
<kw name="Display Homepage" library="setting" type="SETUP">
<kw name="Wait Until Page Contains" library="SeleniumLibrary">
<arg>ซื้อประกันออนไลน์</arg>
<doc>Waits until ``text`` appears on the current page.</doc>
<status status="PASS" starttime="20240911 01:32:37.097" endtime="20240911 01:32:37.231"/>
</kw>
<status status="PASS" starttime="20240911 01:32:37.096" endtime="20240911 01:32:37.231"/>
</kw>
<kw name="Select Insurance type" library="healthinsurance">
<kw name="Wait and Click ${healthInsurance}" library="commonkeyword" sourcename="Wait and Click ${Element}">
<kw name="Wait Until Element Is Visible" library="SeleniumLibrary">
<arg>${Element}</arg>
<doc>Waits until the element ``locator`` is visible.</doc>
<status status="PASS" starttime="20240911 01:32:37.232" endtime="20240911 01:32:37.481"/>
</kw>
<kw name="Click Element" library="SeleniumLibrary">
<arg>${Element}</arg>
<doc>Click the element identified by ``locator``.</doc>
<msg timestamp="20240911 01:32:37.484" level="INFO">Clicking element '//li[@id='menu-item-1297']'.</msg>
<status status="PASS" starttime="20240911 01:32:37.482" endtime="20240911 01:32:38.870"/>
</kw>
<status status="PASS" starttime="20240911 01:32:37.232" endtime="20240911 01:32:38.872"/>
</kw>
<kw name="Wait Until Page Contains" library="SeleniumLibrary">
<arg>ประกันสุขภาพ</arg>
<doc>Waits until ``text`` appears on the current page.</doc>
<status status="PASS" starttime="20240911 01:32:38.873" endtime="20240911 01:32:39.027"/>
</kw>
<kw name="Wait Until Page Contains" library="SeleniumLibrary">
<arg>ประกันสุขภาพและโรคร้ายแรง</arg>
<doc>Waits until ``text`` appears on the current page.</doc>
<status status="PASS" starttime="20240911 01:32:39.027" endtime="20240911 01:32:39.169"/>
</kw>
<status status="PASS" starttime="20240911 01:32:37.232" endtime="20240911 01:32:39.169"/>
</kw>
<kw name="View insurance detail" library="healthinsurance">
<kw name="Wait Until Page Contains" library="SeleniumLibrary">
<arg>ประกันสุขภาพ</arg>
<doc>Waits until ``text`` appears on the current page.</doc>
<status status="PASS" starttime="20240911 01:32:39.170" endtime="20240911 01:32:39.307"/>
</kw>
<kw name="Wait Until Page Contains" library="SeleniumLibrary">
<arg>ประกันสุขภาพและโรคร้ายแรง</arg>
<doc>Waits until ``text`` appears on the current page.</doc>
<status status="PASS" starttime="20240911 01:32:39.307" endtime="20240911 01:32:39.433"/>
</kw>
<kw name="Scroll Element Into View" library="SeleniumLibrary">
<arg>${viewButton}</arg>
<doc>Scrolls the element identified by ``locator`` into view.</doc>
<status status="PASS" starttime="20240911 01:32:39.434" endtime="20240911 01:32:39.975"/>
</kw>
<kw name="Sleep" library="BuiltIn">
<arg>1S</arg>
<doc>Pauses the test executed for the given time.</doc>
<msg timestamp="20240911 01:32:40.980" level="INFO">Slept 1 second</msg>
<status status="PASS" starttime="20240911 01:32:39.975" endtime="20240911 01:32:40.981"/>
</kw>
<kw name="Wait and Click ${viewButton}" library="commonkeyword" sourcename="Wait and Click ${Element}">
<kw name="Wait Until Element Is Visible" library="SeleniumLibrary">
<arg>${Element}</arg>
<doc>Waits until the element ``locator`` is visible.</doc>
<status status="PASS" starttime="20240911 01:32:40.985" endtime="20240911 01:32:41.244"/>
</kw>
<kw name="Click Element" library="SeleniumLibrary">
<arg>${Element}</arg>
<doc>Click the element identified by ``locator``.</doc>
<msg timestamp="20240911 01:32:41.247" level="INFO">Clicking element '(//a[@class='button primary is-gloss expand'])[1]'.</msg>
<status status="PASS" starttime="20240911 01:32:41.245" endtime="20240911 01:32:43.865"/>
</kw>
<status status="PASS" starttime="20240911 01:32:40.982" endtime="20240911 01:32:43.865"/>
</kw>
<kw name="Wait Until Page Contains" library="SeleniumLibrary">
<arg>ประกันมะเร็ง ตรวจเจอมะเร็งทุกชนิด ทุกระยะรับเงินก้อน มีค่ารักษาต่อเนื่อง</arg>
<doc>Waits until ``text`` appears on the current page.</doc>
<status status="PASS" starttime="20240911 01:32:43.865" endtime="20240911 01:32:44.004"/>
</kw>
<kw name="Scroll Element Into View" library="SeleniumLibrary">
<arg>${healthType}</arg>
<doc>Scrolls the element identified by ``locator`` into view.</doc>
<status status="PASS" starttime="20240911 01:32:44.004" endtime="20240911 01:32:44.510"/>
</kw>
<status status="PASS" starttime="20240911 01:32:39.170" endtime="20240911 01:32:44.511"/>
</kw>
<kw name="Go to Home Pages" library="setting" type="TEARDOWN">
<kw name="Go To" library="SeleniumLibrary">
<arg>${urlTisco}</arg>
<doc>Navigates the current browser window to the provided ``url``.</doc>
<msg timestamp="20240911 01:32:44.516" level="INFO">Opening url 'https://www.tiscoinsure.com/'</msg>
<status status="PASS" starttime="20240911 01:32:44.514" endtime="20240911 01:32:45.493"/>
</kw>
<status status="PASS" starttime="20240911 01:32:44.512" endtime="20240911 01:32:45.493"/>
</kw>
<doc>User view insurance detail success</doc>
<tag>View</tag>
<status status="PASS" starttime="20240911 01:32:37.095" endtime="20240911 01:32:45.493"/>
</test>
<test id="s1-t3" name="Test case 03" line="27">
<kw name="Display Homepage" library="setting" type="SETUP">
<kw name="Wait Until Page Contains" library="SeleniumLibrary">
<arg>ซื้อประกันออนไลน์</arg>
<doc>Waits until ``text`` appears on the current page.</doc>
<status status="PASS" starttime="20240911 01:32:45.499" endtime="20240911 01:32:45.633"/>
</kw>
<status status="PASS" starttime="20240911 01:32:45.498" endtime="20240911 01:32:45.634"/>
</kw>
<kw name="Select Health insurance" library="purchase">
<kw name="Wait and Click ${healthInsurance}" library="commonkeyword" sourcename="Wait and Click ${Element}">
<kw name="Wait Until Element Is Visible" library="SeleniumLibrary">
<arg>${Element}</arg>
<doc>Waits until the element ``locator`` is visible.</doc>
<status status="PASS" starttime="20240911 01:32:45.637" endtime="20240911 01:32:45.898"/>
</kw>
<kw name="Click Element" library="SeleniumLibrary">
<arg>${Element}</arg>
<doc>Click the element identified by ``locator``.</doc>
<msg timestamp="20240911 01:32:45.899" level="INFO">Clicking element '//li[@id='menu-item-1297']'.</msg>
<status status="PASS" starttime="20240911 01:32:45.898" endtime="20240911 01:32:47.203"/>
</kw>
<status status="PASS" starttime="20240911 01:32:45.636" endtime="20240911 01:32:47.203"/>
</kw>
<kw name="Wait Until Page Contains" library="SeleniumLibrary">
<arg>ประกันสุขภาพ</arg>
<doc>Waits until ``text`` appears on the current page.</doc>
<status status="PASS" starttime="20240911 01:32:47.203" endtime="20240911 01:32:47.327"/>
</kw>
<kw name="Wait Until Page Contains" library="SeleniumLibrary">
<arg>ประกันสุขภาพและโรคร้ายแรง</arg>
<doc>Waits until ``text`` appears on the current page.</doc>
<status status="PASS" starttime="20240911 01:32:47.327" endtime="20240911 01:32:47.452"/>
</kw>
<status status="PASS" starttime="20240911 01:32:45.634" endtime="20240911 01:32:47.453"/>
</kw>
<kw name="Click Purchase" library="purchase">
<kw name="Scroll Element Into View" library="SeleniumLibrary">
<arg>${purchaseButton}</arg>
<doc>Scrolls the element identified by ``locator`` into view.</doc>
<status status="PASS" starttime="20240911 01:32:47.457" endtime="20240911 01:32:47.995"/>
</kw>
<kw name="Wait and Click ${purchaseButton}" library="commonkeyword" sourcename="Wait and Click ${Element}">
<kw name="Wait Until Element Is Visible" library="SeleniumLibrary">
<arg>${Element}</arg>
<doc>Waits until the element ``locator`` is visible.</doc>
<status status="PASS" starttime="20240911 01:32:48.000" endtime="20240911 01:32:48.276"/>
</kw>
<kw name="Click Element" library="SeleniumLibrary">
<arg>${Element}</arg>
<doc>Click the element identified by ``locator``.</doc>
<msg timestamp="20240911 01:32:48.277" level="INFO">Clicking element '//a[@class='button alert is-gloss expand']'.</msg>
<status status="PASS" starttime="20240911 01:32:48.276" endtime="20240911 01:32:48.617"/>
</kw>
<status status="PASS" starttime="20240911 01:32:47.997" endtime="20240911 01:32:48.617"/>
</kw>
<kw name="Switch Window" library="SeleniumLibrary">
<arg>new</arg>
<doc>Switches to browser window matching ``locator``.</doc>
<status status="PASS" starttime="20240911 01:32:48.617" endtime="20240911 01:32:49.218"/>
</kw>
<kw name="Wait Until Page Contains" library="SeleniumLibrary">
<arg>ข้อกำหนดและเงื่อนไข</arg>
<doc>Waits until ``text`` appears on the current page.</doc>
<status status="PASS" starttime="20240911 01:32:49.218" endtime="20240911 01:32:49.804"/>
</kw>
<kw name="Wait and Click ${confirmButton}" library="commonkeyword" sourcename="Wait and Click ${Element}">
<kw name="Wait Until Element Is Visible" library="SeleniumLibrary">
<arg>${Element}</arg>
<doc>Waits until the element ``locator`` is visible.</doc>
<status status="PASS" starttime="20240911 01:32:49.805" endtime="20240911 01:32:50.517"/>
</kw>
<kw name="Click Element" library="SeleniumLibrary">
<arg>${Element}</arg>
<doc>Click the element identified by ``locator``.</doc>
<msg timestamp="20240911 01:32:50.520" level="INFO">Clicking element '(//button[contains(text(),'ตกลง')])[2]'.</msg>
<status status="PASS" starttime="20240911 01:32:50.518" endtime="20240911 01:32:50.798"/>
</kw>
<status status="PASS" starttime="20240911 01:32:49.804" endtime="20240911 01:32:50.798"/>
</kw>
<status status="PASS" starttime="20240911 01:32:47.455" endtime="20240911 01:32:50.799"/>
</kw>
<kw name="Select Insurance type" library="purchase">
<kw name="Wait Until Page Contains" library="SeleniumLibrary">
<arg>ท่านต้องการสมัครประกันเพื่อใคร</arg>
<doc>Waits until ``text`` appears on the current page.</doc>
<status status="PASS" starttime="20240911 01:32:50.801" endtime="20240911 01:32:50.938"/>
</kw>
<kw name="Wait and Click ${selectSelfbtn}" library="commonkeyword" sourcename="Wait and Click ${Element}">
<kw name="Wait Until Element Is Visible" library="SeleniumLibrary">
<arg>${Element}</arg>
<doc>Waits until the element ``locator`` is visible.</doc>
<status status="PASS" starttime="20240911 01:32:50.939" endtime="20240911 01:32:51.187"/>
</kw>
<kw name="Click Element" library="SeleniumLibrary">
<arg>${Element}</arg>
<doc>Click the element identified by ``locator``.</doc>
<msg timestamp="20240911 01:32:51.189" level="INFO">Clicking element '//label[@class='uk-border-rounded uk-text-center tisco-radio-style uk-padding uk-display-block']'.</msg>
<status status="PASS" starttime="20240911 01:32:51.187" endtime="20240911 01:32:51.529"/>
</kw>
<status status="PASS" starttime="20240911 01:32:50.938" endtime="20240911 01:32:51.529"/>
</kw>
<kw name="Wait and Click ${femailBtn}" library="commonkeyword" sourcename="Wait and Click ${Element}">
<kw name="Wait Until Element Is Visible" library="SeleniumLibrary">
<arg>${Element}</arg>
<doc>Waits until the element ``locator`` is visible.</doc>
<status status="PASS" starttime="20240911 01:32:51.530" endtime="20240911 01:32:51.779"/>
</kw>
<kw name="Click Element" library="SeleniumLibrary">
<arg>${Element}</arg>
<doc>Click the element identified by ``locator``.</doc>
<msg timestamp="20240911 01:32:51.781" level="INFO">Clicking element '//label[@class='uk-border-rounded uk-padding-small tisco-radio-style uk-margin-left uk-text-center']'.</msg>
<status status="PASS" starttime="20240911 01:32:51.779" endtime="20240911 01:32:52.076"/>
</kw>
<status status="PASS" starttime="20240911 01:32:51.529" endtime="20240911 01:32:52.076"/>
</kw>
<kw name="Wait and Click ${selectDate}" library="commonkeyword" sourcename="Wait and Click ${Element}">
<kw name="Wait Until Element Is Visible" library="SeleniumLibrary">
<arg>${Element}</arg>
<doc>Waits until the element ``locator`` is visible.</doc>
<status status="PASS" starttime="20240911 01:32:52.077" endtime="20240911 01:32:52.326"/>
</kw>
<kw name="Click Element" library="SeleniumLibrary">
<arg>${Element}</arg>
<doc>Click the element identified by ``locator``.</doc>
<msg timestamp="20240911 01:32:52.328" level="INFO">Clicking element '//select[@id='date']'.</msg>
<status status="PASS" starttime="20240911 01:32:52.326" endtime="20240911 01:32:52.636"/>
</kw>
<status status="PASS" starttime="20240911 01:32:52.076" endtime="20240911 01:32:52.636"/>
</kw>
<kw name="Wait and Click ${birthDate}" library="commonkeyword" sourcename="Wait and Click ${Element}">
<kw name="Wait Until Element Is Visible" library="SeleniumLibrary">
<arg>${Element}</arg>
<doc>Waits until the element ``locator`` is visible.</doc>
<status status="PASS" starttime="20240911 01:32:52.637" endtime="20240911 01:32:52.900"/>
</kw>
<kw name="Click Element" library="SeleniumLibrary">
<arg>${Element}</arg>
<doc>Click the element identified by ``locator``.</doc>
<msg timestamp="20240911 01:32:52.901" level="INFO">Clicking element '//option[.='22']'.</msg>
<status status="PASS" starttime="20240911 01:32:52.900" endtime="20240911 01:32:53.178"/>
</kw>
<status status="PASS" starttime="20240911 01:32:52.637" endtime="20240911 01:32:53.179"/>
</kw>
<kw name="Wait and Click ${selectDate}" library="commonkeyword" sourcename="Wait and Click ${Element}">
<kw name="Wait Until Element Is Visible" library="SeleniumLibrary">
<arg>${Element}</arg>
<doc>Waits until the element ``locator`` is visible.</doc>
<status status="PASS" starttime="20240911 01:32:53.180" endtime="20240911 01:32:53.430"/>
</kw>
<kw name="Click Element" library="SeleniumLibrary">
<arg>${Element}</arg>
<doc>Click the element identified by ``locator``.</doc>
<msg timestamp="20240911 01:32:53.431" level="INFO">Clicking element '//select[@id='date']'.</msg>
<status status="PASS" starttime="20240911 01:32:53.430" endtime="20240911 01:32:53.727"/>
</kw>
<status status="PASS" starttime="20240911 01:32:53.179" endtime="20240911 01:32:53.729"/>
</kw>
<kw name="Wait and Click ${selectMonth}" library="commonkeyword" sourcename="Wait and Click ${Element}">
<kw name="Wait Until Element Is Visible" library="SeleniumLibrary">
<arg>${Element}</arg>
<doc>Waits until the element ``locator`` is visible.</doc>
<status status="PASS" starttime="20240911 01:32:53.732" endtime="20240911 01:32:53.989"/>
</kw>
<kw name="Click Element" library="SeleniumLibrary">
<arg>${Element}</arg>
<doc>Click the element identified by ``locator``.</doc>
<msg timestamp="20240911 01:32:53.991" level="INFO">Clicking element '//select[@name='birthDate[1]']'.</msg>
<status status="PASS" starttime="20240911 01:32:53.989" endtime="20240911 01:32:54.316"/>
</kw>
<status status="PASS" starttime="20240911 01:32:53.730" endtime="20240911 01:32:54.317"/>
</kw>
<kw name="Wait and Click ${birthMonth}" library="commonkeyword" sourcename="Wait and Click ${Element}">
<kw name="Wait Until Element Is Visible" library="SeleniumLibrary">
<arg>${Element}</arg>
<doc>Waits until the element ``locator`` is visible.</doc>
<status status="PASS" starttime="20240911 01:32:54.317" endtime="20240911 01:32:54.562"/>
</kw>
<kw name="Click Element" library="SeleniumLibrary">
<arg>${Element}</arg>
<doc>Click the element identified by ``locator``.</doc>
<msg timestamp="20240911 01:32:54.564" level="INFO">Clicking element '//option[.=' มีนาคม']'.</msg>
<status status="PASS" starttime="20240911 01:32:54.563" endtime="20240911 01:32:54.856"/>
</kw>
<status status="PASS" starttime="20240911 01:32:54.317" endtime="20240911 01:32:54.856"/>
</kw>
<kw name="Wait and Click ${selectMonth}" library="commonkeyword" sourcename="Wait and Click ${Element}">
<kw name="Wait Until Element Is Visible" library="SeleniumLibrary">
<arg>${Element}</arg>
<doc>Waits until the element ``locator`` is visible.</doc>
<status status="PASS" starttime="20240911 01:32:54.857" endtime="20240911 01:32:55.107"/>
</kw>
<kw name="Click Element" library="SeleniumLibrary">
<arg>${Element}</arg>
<doc>Click the element identified by ``locator``.</doc>
<msg timestamp="20240911 01:32:55.110" level="INFO">Clicking element '//select[@name='birthDate[1]']'.</msg>
<status status="PASS" starttime="20240911 01:32:55.108" endtime="20240911 01:32:55.402"/>
</kw>
<status status="PASS" starttime="20240911 01:32:54.856" endtime="20240911 01:32:55.403"/>
</kw>
<kw name="Wait and Click ${selectYear}" library="commonkeyword" sourcename="Wait and Click ${Element}">
<kw name="Wait Until Element Is Visible" library="SeleniumLibrary">
<arg>${Element}</arg>
<doc>Waits until the element ``locator`` is visible.</doc>
<status status="PASS" starttime="20240911 01:32:55.405" endtime="20240911 01:32:55.668"/>
</kw>
<kw name="Click Element" library="SeleniumLibrary">
<arg>${Element}</arg>
<doc>Click the element identified by ``locator``.</doc>
<msg timestamp="20240911 01:32:55.669" level="INFO">Clicking element '//select[@name='birthDate[2]']'.</msg>
<status status="PASS" starttime="20240911 01:32:55.668" endtime="20240911 01:32:55.934"/>
</kw>
<status status="PASS" starttime="20240911 01:32:55.403" endtime="20240911 01:32:55.934"/>
</kw>
<kw name="Wait and Click ${birthYear}" library="commonkeyword" sourcename="Wait and Click ${Element}">
<kw name="Wait Until Element Is Visible" library="SeleniumLibrary">
<arg>${Element}</arg>
<doc>Waits until the element ``locator`` is visible.</doc>
<status status="PASS" starttime="20240911 01:32:55.936" endtime="20240911 01:32:56.199"/>
</kw>
<kw name="Click Element" library="SeleniumLibrary">
<arg>${Element}</arg>
<doc>Click the element identified by ``locator``.</doc>
<msg timestamp="20240911 01:32:56.201" level="INFO">Clicking element '//option[.='2549']'.</msg>
<status status="PASS" starttime="20240911 01:32:56.199" endtime="20240911 01:32:56.492"/>
</kw>
<status status="PASS" starttime="20240911 01:32:55.934" endtime="20240911 01:32:56.492"/>
</kw>
<kw name="Wait and Click ${selectYear}" library="commonkeyword" sourcename="Wait and Click ${Element}">
<kw name="Wait Until Element Is Visible" library="SeleniumLibrary">
<arg>${Element}</arg>
<doc>Waits until the element ``locator`` is visible.</doc>
<status status="PASS" starttime="20240911 01:32:56.493" endtime="20240911 01:32:56.738"/>
</kw>
<kw name="Click Element" library="SeleniumLibrary">
<arg>${Element}</arg>
<doc>Click the element identified by ``locator``.</doc>
<msg timestamp="20240911 01:32:56.742" level="INFO">Clicking element '//select[@name='birthDate[2]']'.</msg>
<status status="PASS" starttime="20240911 01:32:56.740" endtime="20240911 01:32:57.083"/>
</kw>
<status status="PASS" starttime="20240911 01:32:56.492" endtime="20240911 01:32:57.084"/>
</kw>
<kw name="Wait and Click ${radioBtn}" library="commonkeyword" sourcename="Wait and Click ${Element}">
<kw name="Wait Until Element Is Visible" library="SeleniumLibrary">
<arg>${Element}</arg>
<doc>Waits until the element ``locator`` is visible.</doc>
<status status="PASS" starttime="20240911 01:32:57.086" endtime="20240911 01:32:57.376"/>
</kw>
<kw name="Click Element" library="SeleniumLibrary">
<arg>${Element}</arg>
<doc>Click the element identified by ``locator``.</doc>
<msg timestamp="20240911 01:32:57.379" level="INFO">Clicking element '(//input[@class='uk-radio ng-untouched ng-pristine ng-invalid'])[1]'.</msg>
<status status="PASS" starttime="20240911 01:32:57.377" endtime="20240911 01:32:57.703"/>
</kw>
<status status="PASS" starttime="20240911 01:32:57.084" endtime="20240911 01:32:57.703"/>
</kw>
<kw name="Wait and Click ${searchPlan}" library="commonkeyword" sourcename="Wait and Click ${Element}">
<kw name="Wait Until Element Is Visible" library="SeleniumLibrary">
<arg>${Element}</arg>
<doc>Waits until the element ``locator`` is visible.</doc>
<status status="PASS" starttime="20240911 01:32:57.704" endtime="20240911 01:32:57.950"/>
</kw>
<kw name="Click Element" library="SeleniumLibrary">
<arg>${Element}</arg>
<doc>Click the element identified by ``locator``.</doc>
<msg timestamp="20240911 01:32:57.951" level="INFO">Clicking element '//button[.='ค้นหาเเบบประกันที่ใช่']'.</msg>
<status status="PASS" starttime="20240911 01:32:57.950" endtime="20240911 01:32:58.246"/>
</kw>
<status status="PASS" starttime="20240911 01:32:57.703" endtime="20240911 01:32:58.246"/>
</kw>
<kw name="Sleep" library="BuiltIn">
<arg>2S</arg>
<doc>Pauses the test executed for the given time.</doc>
<msg timestamp="20240911 01:33:00.252" level="INFO">Slept 2 seconds</msg>
<status status="PASS" starttime="20240911 01:32:58.246" endtime="20240911 01:33:00.253"/>
</kw>
<kw name="Wait and Click ${selectPlan}" library="commonkeyword" sourcename="Wait and Click ${Element}">
<kw name="Wait Until Element Is Visible" library="SeleniumLibrary">
<arg>${Element}</arg>
<doc>Waits until the element ``locator`` is visible.</doc>
<status status="PASS" starttime="20240911 01:33:00.256" endtime="20240911 01:33:00.518"/>
</kw>
<kw name="Click Element" library="SeleniumLibrary">
<arg>${Element}</arg>
<doc>Click the element identified by ``locator``.</doc>
<msg timestamp="20240911 01:33:00.519" level="INFO">Clicking element '(//div[@class='uk-card-header uk-background-primary +rounded-top'])[1]'.</msg>
<status status="PASS" starttime="20240911 01:33:00.518" endtime="20240911 01:33:00.814"/>
</kw>
<status status="PASS" starttime="20240911 01:33:00.254" endtime="20240911 01:33:00.814"/>
</kw>
<kw name="Wait Until Page Contains" library="SeleniumLibrary">
<arg>เบี้ยประกันภัย</arg>
<doc>Waits until ``text`` appears on the current page.</doc>
<status status="PASS" starttime="20240911 01:33:00.814" endtime="20240911 01:33:00.953"/>
</kw>
<kw name="Wait Until Page Contains" library="SeleniumLibrary">
<arg>เบี้ยประกันภัยที่ต้องชำระ</arg>
<doc>Waits until ``text`` appears on the current page.</doc>
<status status="PASS" starttime="20240911 01:33:00.953" endtime="20240911 01:33:01.107"/>
</kw>
<kw name="Scroll Element Into View" library="SeleniumLibrary">
<arg>${nextBtn}</arg>
<doc>Scrolls the element identified by ``locator`` into view.</doc>
<status status="PASS" starttime="20240911 01:33:01.108" endtime="20240911 01:33:01.652"/>
</kw>
<kw name="Wait and Click ${nextBtn}" library="commonkeyword" sourcename="Wait and Click ${Element}">
<kw name="Wait Until Element Is Visible" library="SeleniumLibrary">
<arg>${Element}</arg>
<doc>Waits until the element ``locator`` is visible.</doc>
<status status="PASS" starttime="20240911 01:33:01.654" endtime="20240911 01:33:01.933"/>
</kw>
<kw name="Click Element" library="SeleniumLibrary">
<arg>${Element}</arg>
<doc>Click the element identified by ``locator``.</doc>
<msg timestamp="20240911 01:33:01.936" level="INFO">Clicking element '//button[.=' ขั้นตอนต่อไป ']'.</msg>
<status status="PASS" starttime="20240911 01:33:01.934" endtime="20240911 01:33:02.334"/>
</kw>
<status status="PASS" starttime="20240911 01:33:01.652" endtime="20240911 01:33:02.334"/>
</kw>
<status status="PASS" starttime="20240911 01:32:50.800" endtime="20240911 01:33:02.334"/>
</kw>
<kw name="Enter information" library="purchase">
<kw name="Wait Until Page Contains" library="SeleniumLibrary">
<arg>กรอกรายละเอียดผู้เอาประกันภัย</arg>
<doc>Waits until ``text`` appears on the current page.</doc>
<status status="PASS" starttime="20240911 01:33:02.336" endtime="20240911 01:33:02.473"/>
</kw>
<kw name="Sleep" library="BuiltIn">
<arg>2s</arg>
<doc>Pauses the test executed for the given time.</doc>
<msg timestamp="20240911 01:33:04.488" level="INFO">Slept 2 seconds</msg>
<status status="PASS" starttime="20240911 01:33:02.473" endtime="20240911 01:33:04.489"/>
</kw>
<kw name="Scroll Element Into View" library="SeleniumLibrary">
<arg>${preName}</arg>
<doc>Scrolls the element identified by ``locator`` into view.</doc>
<status status="PASS" starttime="20240911 01:33:04.490" endtime="20240911 01:33:05.015"/>
</kw>
<kw name="Wait and Click ${preName}" library="commonkeyword" sourcename="Wait and Click ${Element}">
<kw name="Wait Until Element Is Visible" library="SeleniumLibrary">
<arg>${Element}</arg>
<doc>Waits until the element ``locator`` is visible.</doc>
<status status="PASS" starttime="20240911 01:33:05.018" endtime="20240911 01:33:05.296"/>
</kw>
<kw name="Click Element" library="SeleniumLibrary">
<arg>${Element}</arg>
<doc>Click the element identified by ``locator``.</doc>
<msg timestamp="20240911 01:33:05.297" level="INFO">Clicking element '//select[@name='titleName']'.</msg>
<status status="PASS" starttime="20240911 01:33:05.296" endtime="20240911 01:33:05.589"/>
</kw>
<status status="PASS" starttime="20240911 01:33:05.017" endtime="20240911 01:33:05.589"/>
</kw>
<kw name="Wait and Click ${selectPre}" library="commonkeyword" sourcename="Wait and Click ${Element}">
<kw name="Wait Until Element Is Visible" library="SeleniumLibrary">
<arg>${Element}</arg>
<doc>Waits until the element ``locator`` is visible.</doc>
<status status="PASS" starttime="20240911 01:33:05.591" endtime="20240911 01:33:05.851"/>
</kw>
<kw name="Click Element" library="SeleniumLibrary">
<arg>${Element}</arg>
<doc>Click the element identified by ``locator``.</doc>
<msg timestamp="20240911 01:33:05.852" level="INFO">Clicking element '//option[.='นางสาว ']'.</msg>
<status status="PASS" starttime="20240911 01:33:05.852" endtime="20240911 01:33:06.115"/>
</kw>
<status status="PASS" starttime="20240911 01:33:05.590" endtime="20240911 01:33:06.115"/>
</kw>
<kw name="Wait and Click ${preName}" library="commonkeyword" sourcename="Wait and Click ${Element}">
<kw name="Wait Until Element Is Visible" library="SeleniumLibrary">
<arg>${Element}</arg>
<doc>Waits until the element ``locator`` is visible.</doc>
<status status="PASS" starttime="20240911 01:33:06.116" endtime="20240911 01:33:06.362"/>
</kw>
<kw name="Click Element" library="SeleniumLibrary">
<arg>${Element}</arg>
<doc>Click the element identified by ``locator``.</doc>
<msg timestamp="20240911 01:33:06.365" level="INFO">Clicking element '//select[@name='titleName']'.</msg>
<status status="PASS" starttime="20240911 01:33:06.364" endtime="20240911 01:33:06.690"/>
</kw>
<status status="PASS" starttime="20240911 01:33:06.115" endtime="20240911 01:33:06.691"/>
</kw>
<kw name="Wait ${firstName} and Input ${nameInput}" library="commonkeyword" sourcename="Wait ${Element} and Input ${Text}">
<kw name="Wait Until Element Is Visible" library="SeleniumLibrary">
<arg>${Element}</arg>
<doc>Waits until the element ``locator`` is visible.</doc>
<status status="PASS" starttime="20240911 01:33:06.695" endtime="20240911 01:33:06.968"/>
</kw>
<kw name="Input Text" library="SeleniumLibrary">
<arg>${Element}</arg>
<arg>${Text}</arg>
<doc>Types the given ``text`` into the text field identified by ``locator``.</doc>
<msg timestamp="20240911 01:33:06.971" level="INFO">Typing text 'Test' into text field '//input[@id='first-name']'.</msg>
<status status="PASS" starttime="20240911 01:33:06.969" endtime="20240911 01:33:07.508"/>
</kw>
<status status="PASS" starttime="20240911 01:33:06.692" endtime="20240911 01:33:07.508"/>
</kw>
<kw name="Wait ${lastName} and Input ${lastnameInput}" library="commonkeyword" sourcename="Wait ${Element} and Input ${Text}">
<kw name="Wait Until Element Is Visible" library="SeleniumLibrary">
<arg>${Element}</arg>
<doc>Waits until the element ``locator`` is visible.</doc>
<status status="PASS" starttime="20240911 01:33:07.510" endtime="20240911 01:33:07.787"/>
</kw>
<kw name="Input Text" library="SeleniumLibrary">
<arg>${Element}</arg>
<arg>${Text}</arg>
<doc>Types the given ``text`` into the text field identified by ``locator``.</doc>
<msg timestamp="20240911 01:33:07.787" level="INFO">Typing text 'Namsommud' into text field '//input[@id='last-name']'.</msg>
<status status="PASS" starttime="20240911 01:33:07.787" endtime="20240911 01:33:08.287"/>
</kw>
<status status="PASS" starttime="20240911 01:33:07.509" endtime="20240911 01:33:08.288"/>
</kw>
<kw name="Wait ${userHight} and Input ${hightInput}" library="commonkeyword" sourcename="Wait ${Element} and Input ${Text}">
<kw name="Wait Until Element Is Visible" library="SeleniumLibrary">
<arg>${Element}</arg>
<doc>Waits until the element ``locator`` is visible.</doc>
<status status="PASS" starttime="20240911 01:33:08.290" endtime="20240911 01:33:08.550"/>
</kw>
<kw name="Input Text" library="SeleniumLibrary">
<arg>${Element}</arg>
<arg>${Text}</arg>
<doc>Types the given ``text`` into the text field identified by ``locator``.</doc>
<msg timestamp="20240911 01:33:08.553" level="INFO">Typing text '160' into text field '//input[@id='user-height']'.</msg>
<status status="PASS" starttime="20240911 01:33:08.551" endtime="20240911 01:33:09.063"/>
</kw>
<status status="PASS" starttime="20240911 01:33:08.289" endtime="20240911 01:33:09.063"/>
</kw>
<kw name="Wait ${userWeight} and Input ${weightInput}" library="commonkeyword" sourcename="Wait ${Element} and Input ${Text}">
<kw name="Wait Until Element Is Visible" library="SeleniumLibrary">
<arg>${Element}</arg>
<doc>Waits until the element ``locator`` is visible.</doc>
<status status="PASS" starttime="20240911 01:33:09.064" endtime="20240911 01:33:09.312"/>
</kw>
<kw name="Input Text" library="SeleniumLibrary">
<arg>${Element}</arg>
<arg>${Text}</arg>
<doc>Types the given ``text`` into the text field identified by ``locator``.</doc>
<msg timestamp="20240911 01:33:09.316" level="INFO">Typing text '50' into text field '//input[@id='user-weight']'.</msg>
<status status="PASS" starttime="20240911 01:33:09.313" endtime="20240911 01:33:09.811"/>
</kw>
<status status="PASS" starttime="20240911 01:33:09.063" endtime="20240911 01:33:09.811"/>
</kw>
<kw name="Wait ${idcard} and Input ${idcardInput}" library="commonkeyword" sourcename="Wait ${Element} and Input ${Text}">
<kw name="Wait Until Element Is Visible" library="SeleniumLibrary">
<arg>${Element}</arg>
<doc>Waits until the element ``locator`` is visible.</doc>
<status status="PASS" starttime="20240911 01:33:09.812" endtime="20240911 01:33:10.077"/>
</kw>
<kw name="Input Text" library="SeleniumLibrary">
<arg>${Element}</arg>
<arg>${Text}</arg>
<doc>Types the given ``text`` into the text field identified by ``locator``.</doc>
<msg timestamp="20240911 01:33:10.078" level="INFO">Typing text '1102002101164' into text field '//input[@name='idCard']'.</msg>
<status status="PASS" starttime="20240911 01:33:10.077" endtime="20240911 01:33:10.560"/>
</kw>
<status status="PASS" starttime="20240911 01:33:09.811" endtime="20240911 01:33:10.560"/>
</kw>
<kw name="Wait and Click ${status}" library="commonkeyword" sourcename="Wait and Click ${Element}">
<kw name="Wait Until Element Is Visible" library="SeleniumLibrary">
<arg>${Element}</arg>
<doc>Waits until the element ``locator`` is visible.</doc>
<status status="PASS" starttime="20240911 01:33:10.561" endtime="20240911 01:33:10.809"/>
</kw>
<kw name="Click Element" library="SeleniumLibrary">
<arg>${Element}</arg>
<doc>Click the element identified by ``locator``.</doc>
<msg timestamp="20240911 01:33:10.810" level="INFO">Clicking element '//label[.=' โสด ']'.</msg>
<status status="PASS" starttime="20240911 01:33:10.809" endtime="20240911 01:33:11.118"/>
</kw>
<status status="PASS" starttime="20240911 01:33:10.561" endtime="20240911 01:33:11.118"/>
</kw>
<kw name="Wait ${telNum} and Input ${telinput}" library="commonkeyword" sourcename="Wait ${Element} and Input ${Text}">
<kw name="Wait Until Element Is Visible" library="SeleniumLibrary">
<arg>${Element}</arg>
<doc>Waits until the element ``locator`` is visible.</doc>
<status status="PASS" starttime="20240911 01:33:11.118" endtime="20240911 01:33:11.394"/>
</kw>
<kw name="Input Text" library="SeleniumLibrary">
<arg>${Element}</arg>
<arg>${Text}</arg>
<doc>Types the given ``text`` into the text field identified by ``locator``.</doc>
<msg timestamp="20240911 01:33:11.397" level="INFO">Typing text '0831989247' into text field '//input[@id='tel']'.</msg>
<status status="PASS" starttime="20240911 01:33:11.395" endtime="20240911 01:33:11.893"/>
</kw>
<status status="PASS" starttime="20240911 01:33:11.118" endtime="20240911 01:33:11.893"/>
</kw>
<kw name="Wait ${mail} and Input ${mailInput}" library="commonkeyword" sourcename="Wait ${Element} and Input ${Text}">
<kw name="Wait Until Element Is Visible" library="SeleniumLibrary">
<arg>${Element}</arg>
<doc>Waits until the element ``locator`` is visible.</doc>
<status status="PASS" starttime="20240911 01:33:11.894" endtime="20240911 01:33:12.141"/>
</kw>
<kw name="Input Text" library="SeleniumLibrary">
<arg>${Element}</arg>
<arg>${Text}</arg>
<doc>Types the given ``text`` into the text field identified by ``locator``.</doc>
<msg timestamp="20240911 01:33:12.145" level="INFO">Typing text 'test@gmail.com' into text field '//input[@id='mail-leads']'.</msg>
<status status="PASS" starttime="20240911 01:33:12.142" endtime="20240911 01:33:12.620"/>
</kw>
<status status="PASS" starttime="20240911 01:33:11.894" endtime="20240911 01:33:12.620"/>
</kw>
<kw name="Wait and Click ${job}" library="commonkeyword" sourcename="Wait and Click ${Element}">
<kw name="Wait Until Element Is Visible" library="SeleniumLibrary">
<arg>${Element}</arg>
<doc>Waits until the element ``locator`` is visible.</doc>
<status status="PASS" starttime="20240911 01:33:12.622" endtime="20240911 01:33:12.871"/>
</kw>
<kw name="Click Element" library="SeleniumLibrary">
<arg>${Element}</arg>
<doc>Click the element identified by ``locator``.</doc>
<msg timestamp="20240911 01:33:12.872" level="INFO">Clicking element '//select[@id='occupation']'.</msg>
<status status="PASS" starttime="20240911 01:33:12.872" endtime="20240911 01:33:13.178"/>
</kw>
<status status="PASS" starttime="20240911 01:33:12.621" endtime="20240911 01:33:13.179"/>
</kw>
<kw name="Wait and Click ${selectJob}" library="commonkeyword" sourcename="Wait and Click ${Element}">
<kw name="Wait Until Element Is Visible" library="SeleniumLibrary">
<arg>${Element}</arg>
<doc>Waits until the element ``locator`` is visible.</doc>
<status status="PASS" starttime="20240911 01:33:13.180" endtime="20240911 01:33:13.440"/>
</kw>
<kw name="Click Element" library="SeleniumLibrary">
<arg>${Element}</arg>
<doc>Click the element identified by ``locator``.</doc>
<msg timestamp="20240911 01:33:13.442" level="INFO">Clicking element '//option[.='นักศึกษาการอาชีพ ']'.</msg>
<status status="PASS" starttime="20240911 01:33:13.441" endtime="20240911 01:33:13.735"/>
</kw>
<status status="PASS" starttime="20240911 01:33:13.179" endtime="20240911 01:33:13.735"/>
</kw>
<kw name="Wait and Click ${job}" library="commonkeyword" sourcename="Wait and Click ${Element}">
<kw name="Wait Until Element Is Visible" library="SeleniumLibrary">
<arg>${Element}</arg>
<doc>Waits until the element ``locator`` is visible.</doc>
<status status="PASS" starttime="20240911 01:33:13.736" endtime="20240911 01:33:13.981"/>
</kw>
<kw name="Click Element" library="SeleniumLibrary">
<arg>${Element}</arg>
<doc>Click the element identified by ``locator``.</doc>
<msg timestamp="20240911 01:33:13.984" level="INFO">Clicking element '//select[@id='occupation']'.</msg>
<status status="PASS" starttime="20240911 01:33:13.982" endtime="20240911 01:33:14.335"/>
</kw>
<status status="PASS" starttime="20240911 01:33:13.735" endtime="20240911 01:33:14.336"/>
</kw>
<status status="PASS" starttime="20240911 01:33:02.335" endtime="20240911 01:33:14.337"/>
</kw>
<kw name="Select Answer question" library="purchase">
<kw name="Wait Until Page Contains" library="SeleniumLibrary">
<arg>คำถามสุขภาพ</arg>
<doc>Waits until ``text`` appears on the current page.</doc>
<status status="PASS" starttime="20240911 01:33:14.340" endtime="20240911 01:33:14.474"/>
</kw>
<kw name="Scroll Element Into View" library="SeleniumLibrary">
<arg>${ans1}</arg>
<doc>Scrolls the element identified by ``locator`` into view.</doc>
<status status="PASS" starttime="20240911 01:33:14.476" endtime="20240911 01:33:15.002"/>
</kw>
<kw name="Wait and Click ${ans1}" library="commonkeyword" sourcename="Wait and Click ${Element}">
<kw name="Wait Until Element Is Visible" library="SeleniumLibrary">
<arg>${Element}</arg>
<doc>Waits until the element ``locator`` is visible.</doc>
<status status="PASS" starttime="20240911 01:33:15.004" endtime="20240911 01:33:15.251"/>
</kw>
<kw name="Click Element" library="SeleniumLibrary">
<arg>${Element}</arg>
<doc>Click the element identified by ``locator``.</doc>
<msg timestamp="20240911 01:33:15.254" level="INFO">Clicking element '//label[.=' ไม่มี ']'.</msg>
<status status="PASS" starttime="20240911 01:33:15.252" endtime="20240911 01:33:15.563"/>
</kw>
<status status="PASS" starttime="20240911 01:33:15.002" endtime="20240911 01:33:15.563"/>
</kw>
<kw name="Wait and Click ${ans2}" library="commonkeyword" sourcename="Wait and Click ${Element}">
<kw name="Wait Until Element Is Visible" library="SeleniumLibrary">
<arg>${Element}</arg>
<doc>Waits until the element ``locator`` is visible.</doc>
<status status="PASS" starttime="20240911 01:33:15.564" endtime="20240911 01:33:15.812"/>
</kw>
<kw name="Click Element" library="SeleniumLibrary">
<arg>${Element}</arg>
<doc>Click the element identified by ``locator``.</doc>
<msg timestamp="20240911 01:33:15.815" level="INFO">Clicking element '(//label[.=' ไม่เคย / ไม่มี '])[1]'.</msg>
<status status="PASS" starttime="20240911 01:33:15.813" endtime="20240911 01:33:16.167"/>
</kw>
<status status="PASS" starttime="20240911 01:33:15.563" endtime="20240911 01:33:16.167"/>
</kw>
<kw name="Wait and Click ${ans3}" library="commonkeyword" sourcename="Wait and Click ${Element}">
<kw name="Wait Until Element Is Visible" library="SeleniumLibrary">
<arg>${Element}</arg>
<doc>Waits until the element ``locator`` is visible.</doc>
<status status="PASS" starttime="20240911 01:33:16.168" endtime="20240911 01:33:16.428"/>
</kw>
<kw name="Click Element" library="SeleniumLibrary">
<arg>${Element}</arg>
<doc>Click the element identified by ``locator``.</doc>
<msg timestamp="20240911 01:33:16.431" level="INFO">Clicking element '//label[.=' ไม่ดื่ม ']'.</msg>
<status status="PASS" starttime="20240911 01:33:16.429" endtime="20240911 01:33:16.758"/>
</kw>
<status status="PASS" starttime="20240911 01:33:16.168" endtime="20240911 01:33:16.758"/>
</kw>
<kw name="Wait and Click ${ans4}" library="commonkeyword" sourcename="Wait and Click ${Element}">
<kw name="Wait Until Element Is Visible" library="SeleniumLibrary">
<arg>${Element}</arg>
<doc>Waits until the element ``locator`` is visible.</doc>
<status status="PASS" starttime="20240911 01:33:16.759" endtime="20240911 01:33:17.008"/>
</kw>
<kw name="Click Element" library="SeleniumLibrary">
<arg>${Element}</arg>
<doc>Click the element identified by ``locator``.</doc>
<msg timestamp="20240911 01:33:17.010" level="INFO">Clicking element '//label[.=' ไม่สูบ ']'.</msg>
<status status="PASS" starttime="20240911 01:33:17.008" endtime="20240911 01:33:17.300"/>
</kw>
<status status="PASS" starttime="20240911 01:33:16.758" endtime="20240911 01:33:17.300"/>
</kw>
<kw name="Wait and Click ${ans5}" library="commonkeyword" sourcename="Wait and Click ${Element}">
<kw name="Wait Until Element Is Visible" library="SeleniumLibrary">
<arg>${Element}</arg>
<doc>Waits until the element ``locator`` is visible.</doc>
<status status="PASS" starttime="20240911 01:33:17.302" endtime="20240911 01:33:17.549"/>
</kw>
<kw name="Click Element" library="SeleniumLibrary">
<arg>${Element}</arg>
<doc>Click the element identified by ``locator``.</doc>
<msg timestamp="20240911 01:33:17.551" level="INFO">Clicking element '(//label[.=' ไม่เคย / ไม่มี '])[2]'.</msg>
<status status="PASS" starttime="20240911 01:33:17.549" endtime="20240911 01:33:17.860"/>
</kw>
<status status="PASS" starttime="20240911 01:33:17.301" endtime="20240911 01:33:17.860"/>
</kw>
<kw name="Wait and Click ${ans6}" library="commonkeyword" sourcename="Wait and Click ${Element}">
<kw name="Wait Until Element Is Visible" library="SeleniumLibrary">
<arg>${Element}</arg>
<doc>Waits until the element ``locator`` is visible.</doc>
<status status="PASS" starttime="20240911 01:33:17.860" endtime="20240911 01:33:18.108"/>
</kw>
<kw name="Click Element" library="SeleniumLibrary">
<arg>${Element}</arg>
<doc>Click the element identified by ``locator``.</doc>
<msg timestamp="20240911 01:33:18.109" level="INFO">Clicking element '(//label[.=' ไม่เคย / ไม่มี '])[3]'.</msg>
<status status="PASS" starttime="20240911 01:33:18.108" endtime="20240911 01:33:18.415"/>
</kw>
<status status="PASS" starttime="20240911 01:33:17.860" endtime="20240911 01:33:18.415"/>
</kw>
<kw name="Wait and Click ${next2}" library="commonkeyword" sourcename="Wait and Click ${Element}">
<kw name="Wait Until Element Is Visible" library="SeleniumLibrary">
<arg>${Element}</arg>
<doc>Waits until the element ``locator`` is visible.</doc>
<status status="PASS" starttime="20240911 01:33:18.416" endtime="20240911 01:33:18.662"/>
</kw>
<kw name="Click Element" library="SeleniumLibrary">
<arg>${Element}</arg>
<doc>Click the element identified by ``locator``.</doc>
<msg timestamp="20240911 01:33:18.665" level="INFO">Clicking element '//button[.='ขั้นตอนต่อไป']'.</msg>
<status status="PASS" starttime="20240911 01:33:18.663" endtime="20240911 01:33:19.004"/>
</kw>
<status status="PASS" starttime="20240911 01:33:18.415" endtime="20240911 01:33:19.004"/>
</kw>
<status status="PASS" starttime="20240911 01:33:14.339" endtime="20240911 01:33:19.004"/>
</kw>
<kw name="Insurance detail and Comfirm information" library="purchase">
<kw name="Wait Until Page Contains" library="SeleniumLibrary">
<arg>รายละเอียดการขอเอาประกันภัย</arg>
<doc>Waits until ``text`` appears on the current page.</doc>
<status status="PASS" starttime="20240911 01:33:19.006" endtime="20240911 01:33:19.453"/>
</kw>
<kw name="Scroll Element Into View" library="SeleniumLibrary">
<arg>${addressNo}</arg>
<doc>Scrolls the element identified by ``locator`` into view.</doc>
<status status="PASS" starttime="20240911 01:33:19.453" endtime="20240911 01:33:19.968"/>
</kw>
<kw name="Wait ${addressNo} and Input ${addressNoinput}" library="commonkeyword" sourcename="Wait ${Element} and Input ${Text}">
<kw name="Wait Until Element Is Visible" library="SeleniumLibrary">
<arg>${Element}</arg>
<doc>Waits until the element ``locator`` is visible.</doc>
<status status="PASS" starttime="20240911 01:33:19.972" endtime="20240911 01:33:20.217"/>
</kw>
<kw name="Input Text" library="SeleniumLibrary">
<arg>${Element}</arg>
<arg>${Text}</arg>
<doc>Types the given ``text`` into the text field identified by ``locator``.</doc>
<msg timestamp="20240911 01:33:20.218" level="INFO">Typing text '44' into text field '//input[@id='currentNumber']'.</msg>
<status status="PASS" starttime="20240911 01:33:20.217" endtime="20240911 01:33:20.745"/>
</kw>
<status status="PASS" starttime="20240911 01:33:19.968" endtime="20240911 01:33:20.745"/>
</kw>
<kw name="Wait ${address1} and Input ${address1Input}" library="commonkeyword" sourcename="Wait ${Element} and Input ${Text}">
<kw name="Wait Until Element Is Visible" library="SeleniumLibrary">
<arg>${Element}</arg>
<doc>Waits until the element ``locator`` is visible.</doc>
<status status="PASS" starttime="20240911 01:33:20.746" endtime="20240911 01:33:20.994"/>
</kw>
<kw name="Input Text" library="SeleniumLibrary">
<arg>${Element}</arg>
<arg>${Text}</arg>
<doc>Types the given ``text`` into the text field identified by ``locator``.</doc>
<msg timestamp="20240911 01:33:20.997" level="INFO">Typing text 'ศาลาธรรมสพน์' into text field '//input[@placeholder='ตำบล / แขวง']'.</msg>
<status status="PASS" starttime="20240911 01:33:20.995" endtime="20240911 01:33:21.519"/>
</kw>
<status status="PASS" starttime="20240911 01:33:20.745" endtime="20240911 01:33:21.519"/>
</kw>
<kw name="Wait and Click ${selectAdd}" library="commonkeyword" sourcename="Wait and Click ${Element}">
<kw name="Wait Until Element Is Visible" library="SeleniumLibrary">
<arg>${Element}</arg>
<doc>Waits until the element ``locator`` is visible.</doc>
<status status="PASS" starttime="20240911 01:33:21.520" endtime="20240911 01:33:22.100"/>
</kw>
<kw name="Click Element" library="SeleniumLibrary">
<arg>${Element}</arg>
<doc>Click the element identified by ``locator``.</doc>
<msg timestamp="20240911 01:33:22.101" level="INFO">Clicking element '(//li[@class='item'])'.</msg>
<status status="PASS" starttime="20240911 01:33:22.101" endtime="20240911 01:33:22.381"/>
</kw>
<status status="PASS" starttime="20240911 01:33:21.519" endtime="20240911 01:33:22.382"/>
</kw>
<kw name="Wait and Click ${selectBene}" library="commonkeyword" sourcename="Wait and Click ${Element}">
<kw name="Wait Until Element Is Visible" library="SeleniumLibrary">
<arg>${Element}</arg>
<doc>Waits until the element ``locator`` is visible.</doc>
<status status="PASS" starttime="20240911 01:33:22.385" endtime="20240911 01:33:22.646"/>
</kw>
<kw name="Click Element" library="SeleniumLibrary">
<arg>${Element}</arg>
<doc>Click the element identified by ``locator``.</doc>
<msg timestamp="20240911 01:33:22.647" level="INFO">Clicking element '//label[.='ทายาทตามกฎหมาย ']'.</msg>
<status status="PASS" starttime="20240911 01:33:22.646" endtime="20240911 01:33:22.972"/>
</kw>
<status status="PASS" starttime="20240911 01:33:22.383" endtime="20240911 01:33:22.972"/>
</kw>
<kw name="Wait and Click ${deliver}" library="commonkeyword" sourcename="Wait and Click ${Element}">
<kw name="Wait Until Element Is Visible" library="SeleniumLibrary">
<arg>${Element}</arg>
<doc>Waits until the element ``locator`` is visible.</doc>
<status status="PASS" starttime="20240911 01:33:22.972" endtime="20240911 01:33:23.236"/>
</kw>
<kw name="Click Element" library="SeleniumLibrary">
<arg>${Element}</arg>
<doc>Click the element identified by ``locator``.</doc>
<msg timestamp="20240911 01:33:23.237" level="INFO">Clicking element '//label[.=' ไม่ประสงค์รับเอกสารทางไปรษณีย์ ']'.</msg>
<status status="PASS" starttime="20240911 01:33:23.236" endtime="20240911 01:33:23.546"/>
</kw>
<status status="PASS" starttime="20240911 01:33:22.972" endtime="20240911 01:33:23.546"/>
</kw>
<kw name="Wait and Click ${tax}" library="commonkeyword" sourcename="Wait and Click ${Element}">
<kw name="Wait Until Element Is Visible" library="SeleniumLibrary">
<arg>${Element}</arg>
<doc>Waits until the element ``locator`` is visible.</doc>
<status status="PASS" starttime="20240911 01:33:23.547" endtime="20240911 01:33:23.809"/>
</kw>
<kw name="Click Element" library="SeleniumLibrary">
<arg>${Element}</arg>
<doc>Click the element identified by ``locator``.</doc>
<msg timestamp="20240911 01:33:23.812" level="INFO">Clicking element '//label[.=' ไม่มีความประสงค์ ']'.</msg>
<status status="PASS" starttime="20240911 01:33:23.810" endtime="20240911 01:33:24.132"/>
</kw>
<status status="PASS" starttime="20240911 01:33:23.546" endtime="20240911 01:33:24.132"/>
</kw>
<kw name="Scroll Element Into View" library="SeleniumLibrary">
<arg>${nextStep}</arg>
<doc>Scrolls the element identified by ``locator`` into view.</doc>
<status status="PASS" starttime="20240911 01:33:24.132" endtime="20240911 01:33:24.643"/>
</kw>
<kw name="Wait and Click ${nextStep}" library="commonkeyword" sourcename="Wait and Click ${Element}">
<kw name="Wait Until Element Is Visible" library="SeleniumLibrary">
<arg>${Element}</arg>
<doc>Waits until the element ``locator`` is visible.</doc>
<status status="PASS" starttime="20240911 01:33:24.644" endtime="20240911 01:33:24.892"/>
</kw>
<kw name="Click Element" library="SeleniumLibrary">
<arg>${Element}</arg>
<doc>Click the element identified by ``locator``.</doc>
<msg timestamp="20240911 01:33:24.893" level="INFO">Clicking element '(//button[.='ขั้นตอนต่อไป'])[2]'.</msg>
<status status="PASS" starttime="20240911 01:33:24.892" endtime="20240911 01:33:25.205"/>
</kw>
<status status="PASS" starttime="20240911 01:33:24.643" endtime="20240911 01:33:25.205"/>
</kw>
<kw name="Sleep" library="BuiltIn">
<arg>1s</arg>
<doc>Pauses the test executed for the given time.</doc>
<msg timestamp="20240911 01:33:26.207" level="INFO">Slept 1 second</msg>
<status status="PASS" starttime="20240911 01:33:25.206" endtime="20240911 01:33:26.207"/>
</kw>
<kw name="Wait Until Page Contains" library="SeleniumLibrary">
<arg>ตรวจสอบความถูกต้องในการสมัครเอาประกัน</arg>
<doc>Waits until ``text`` appears on the current page.</doc>
<status status="PASS" starttime="20240911 01:33:26.207" endtime="20240911 01:33:27.028"/>
</kw>
<kw name="Wait Until Page Contains" library="SeleniumLibrary">
<arg>ประกันภัยโรคมะเร็ง TISCO Zero Cancer Plus - แผน 4</arg>
<doc>Waits until ``text`` appears on the current page.</doc>
<status status="PASS" starttime="20240911 01:33:27.028" endtime="20240911 01:33:27.152"/>
</kw>
<kw name="Scroll Element Into View" library="SeleniumLibrary">
<arg>${confirmVerify}</arg>
<doc>Scrolls the element identified by ``locator`` into view.</doc>
<status status="PASS" starttime="20240911 01:33:27.152" endtime="20240911 01:33:27.728"/>
</kw>
<kw name="Wait and Click ${confirmVerify}" library="commonkeyword" sourcename="Wait and Click ${Element}">
<kw name="Wait Until Element Is Visible" library="SeleniumLibrary">
<arg>${Element}</arg>
<doc>Waits until the element ``locator`` is visible.</doc>
<status status="PASS" starttime="20240911 01:33:27.729" endtime="20240911 01:33:28.020"/>
</kw>
<kw name="Click Element" library="SeleniumLibrary">
<arg>${Element}</arg>
<doc>Click the element identified by ``locator``.</doc>
<msg timestamp="20240911 01:33:28.022" level="INFO">Clicking element '(//button[.=' ขั้นตอนถัดไป '])'.</msg>
<status status="PASS" starttime="20240911 01:33:28.021" endtime="20240911 01:33:28.387"/>
</kw>
<status status="PASS" starttime="20240911 01:33:27.728" endtime="20240911 01:33:28.387"/>
</kw>
<kw name="Wait Until Page Contains" library="SeleniumLibrary">
<arg>กรุณากรอกรหัส OTP เพื่อยืนยันตัวตน</arg>
<doc>Waits until ``text`` appears on the current page.</doc>
<status status="PASS" starttime="20240911 01:33:28.387" endtime="20240911 01:33:28.509"/>
</kw>
<status status="PASS" starttime="20240911 01:33:19.005" endtime="20240911 01:33:28.510"/>
</kw>
<kw name="Go to Home Pages" library="setting" type="TEARDOWN">
<kw name="Go To" library="SeleniumLibrary">
<arg>${urlTisco}</arg>
<doc>Navigates the current browser window to the provided ``url``.</doc>
<msg timestamp="20240911 01:33:28.512" level="INFO">Opening url 'https://www.tiscoinsure.com/'</msg>
<status status="PASS" starttime="20240911 01:33:28.511" endtime="20240911 01:33:29.480"/>
</kw>
<status status="PASS" starttime="20240911 01:33:28.510" endtime="20240911 01:33:29.480"/>
</kw>
<doc>User enter information to purchase insureance</doc>
<tag>Purchase</tag>
<status status="PASS" starttime="20240911 01:32:45.496" endtime="20240911 01:33:29.481"/>
</test>
<kw name="Close Browser" library="SeleniumLibrary" type="TEARDOWN">
<doc>Closes the current browser.</doc>
<status status="PASS" starttime="20240911 01:33:29.484" endtime="20240911 01:33:31.778"/>
</kw>
<status status="PASS" starttime="20240911 01:32:26.430" endtime="20240911 01:33:31.778"/>
</suite>
<statistics>
<total>
<stat pass="3" fail="0" skip="0">All Tests</stat>
</total>
<tag>
<stat pass="1" fail="0" skip="0">Purchase</stat>
<stat pass="1" fail="0" skip="0">Search</stat>
<stat pass="1" fail="0" skip="0">View</stat>
</tag>
<suite>
<stat pass="3" fail="0" skip="0" id="s1" name="Insurance">Insurance</stat>
</suite>
</statistics>
<errors>
</errors>
</robot>
